<?xml version="1.0" encoding="UTF-8"?>
<testsuite xmlns:xsi="http://www.w3.org/2001/XMLSchema-instance" xsi:noNamespaceSchemaLocation="https://maven.apache.org/surefire/maven-surefire-plugin/xsd/surefire-test-report.xsd" name="org.apache.hadoop.minikdc.TestChangeOrgNameAndDomain" time="3.95" tests="3" errors="0" skipped="0" failures="0">
  <properties>
    <property name="java.specification.version" value="19"/>
    <property name="sun.cpu.isalist" value="amd64"/>
    <property name="sun.jnu.encoding" value="Cp1252"/>
    <property name="java.class.path" value="D:\java\projects\hadoop\hadoop-common-project\hadoop-minikdc\target\test-classes;D:\java\projects\hadoop\hadoop-common-project\hadoop-minikdc\target\classes;C:\Users\Dell\.m2\repository\commons-io\commons-io\2.11.0\commons-io-2.11.0.jar;C:\Users\Dell\.m2\repository\org\apache\kerby\kerb-simplekdc\2.0.3\kerb-simplekdc-2.0.3.jar;C:\Users\Dell\.m2\repository\org\apache\kerby\kerb-client\2.0.3\kerb-client-2.0.3.jar;C:\Users\Dell\.m2\repository\org\apache\kerby\kerby-config\2.0.3\kerby-config-2.0.3.jar;C:\Users\Dell\.m2\repository\org\apache\kerby\kerb-core\2.0.3\kerb-core-2.0.3.jar;C:\Users\Dell\.m2\repository\org\apache\kerby\kerby-pkix\2.0.3\kerby-pkix-2.0.3.jar;C:\Users\Dell\.m2\repository\org\apache\kerby\kerby-asn1\2.0.3\kerby-asn1-2.0.3.jar;C:\Users\Dell\.m2\repository\org\apache\kerby\kerby-util\2.0.3\kerby-util-2.0.3.jar;C:\Users\Dell\.m2\repository\org\apache\kerby\kerb-common\2.0.3\kerb-common-2.0.3.jar;C:\Users\Dell\.m2\repository\org\apache\kerby\kerb-crypto\2.0.3\kerb-crypto-2.0.3.jar;C:\Users\Dell\.m2\repository\org\apache\kerby\kerb-util\2.0.3\kerb-util-2.0.3.jar;C:\Users\Dell\.m2\repository\org\apache\kerby\token-provider\2.0.3\token-provider-2.0.3.jar;C:\Users\Dell\.m2\repository\com\nimbusds\nimbus-jose-jwt\9.31\nimbus-jose-jwt-9.31.jar;C:\Users\Dell\.m2\repository\com\github\stephenc\jcip\jcip-annotations\1.0-1\jcip-annotations-1.0-1.jar;C:\Users\Dell\.m2\repository\org\apache\kerby\kerb-admin\2.0.3\kerb-admin-2.0.3.jar;C:\Users\Dell\.m2\repository\org\apache\kerby\kerb-server\2.0.3\kerb-server-2.0.3.jar;C:\Users\Dell\.m2\repository\org\apache\kerby\kerb-identity\2.0.3\kerb-identity-2.0.3.jar;C:\Users\Dell\.m2\repository\org\apache\kerby\kerby-xdr\2.0.3\kerby-xdr-2.0.3.jar;C:\Users\Dell\.m2\repository\org\jline\jline\3.9.0\jline-3.9.0.jar;C:\Users\Dell\.m2\repository\com\jcraft\jsch\0.1.55\jsch-0.1.55.jar;C:\Users\Dell\.m2\repository\org\slf4j\slf4j-log4j12\1.7.30\slf4j-log4j12-1.7.30.jar;C:\Users\Dell\.m2\repository\org\slf4j\slf4j-api\1.7.30\slf4j-api-1.7.30.jar;C:\Users\Dell\.m2\repository\log4j\log4j\1.2.17\log4j-1.2.17.jar;C:\Users\Dell\.m2\repository\junit\junit\4.13.2\junit-4.13.2.jar;C:\Users\Dell\.m2\repository\org\hamcrest\hamcrest-core\1.3\hamcrest-core-1.3.jar;"/>
    <property name="java.vm.vendor" value="Oracle Corporation"/>
    <property name="sun.arch.data.model" value="64"/>
    <property name="test.build.dir" value="D:\java\projects\hadoop\hadoop-common-project\hadoop-minikdc\target/test-dir"/>
    <property name="user.variant" value=""/>
    <property name="test.cache.data" value=""/>
    <property name="java.vendor.url" value="https://java.oracle.com/"/>
    <property name="user.timezone" value="Asia/Calcutta"/>
    <property name="os.name" value="Windows 10"/>
    <property name="java.vm.specification.version" value="19"/>
    <property name="test.build.data" value="D:\java\projects\hadoop\hadoop-common-project\hadoop-minikdc\target/test-dir"/>
    <property name="sun.java.launcher" value="SUN_STANDARD"/>
    <property name="user.country" value="US"/>
    <property name="sun.boot.library.path" value="C:\Program Files\Java\jdk-19\bin"/>
    <property name="sun.java.command" value="C:\Users\Dell\AppData\Local\Temp\surefire5081887175813194767\surefirebooter17310057584051165688.jar C:\Users\Dell\AppData\Local\Temp\surefire5081887175813194767 2023-08-07T16-11-56_518-jvmRun1 surefire10085888904766823510tmp surefire_017548390777215686237tmp"/>
    <property name="jdk.debug" value="release"/>
    <property name="surefire.test.class.path" value="D:\java\projects\hadoop\hadoop-common-project\hadoop-minikdc\target\test-classes;D:\java\projects\hadoop\hadoop-common-project\hadoop-minikdc\target\classes;C:\Users\Dell\.m2\repository\commons-io\commons-io\2.11.0\commons-io-2.11.0.jar;C:\Users\Dell\.m2\repository\org\apache\kerby\kerb-simplekdc\2.0.3\kerb-simplekdc-2.0.3.jar;C:\Users\Dell\.m2\repository\org\apache\kerby\kerb-client\2.0.3\kerb-client-2.0.3.jar;C:\Users\Dell\.m2\repository\org\apache\kerby\kerby-config\2.0.3\kerby-config-2.0.3.jar;C:\Users\Dell\.m2\repository\org\apache\kerby\kerb-core\2.0.3\kerb-core-2.0.3.jar;C:\Users\Dell\.m2\repository\org\apache\kerby\kerby-pkix\2.0.3\kerby-pkix-2.0.3.jar;C:\Users\Dell\.m2\repository\org\apache\kerby\kerby-asn1\2.0.3\kerby-asn1-2.0.3.jar;C:\Users\Dell\.m2\repository\org\apache\kerby\kerby-util\2.0.3\kerby-util-2.0.3.jar;C:\Users\Dell\.m2\repository\org\apache\kerby\kerb-common\2.0.3\kerb-common-2.0.3.jar;C:\Users\Dell\.m2\repository\org\apache\kerby\kerb-crypto\2.0.3\kerb-crypto-2.0.3.jar;C:\Users\Dell\.m2\repository\org\apache\kerby\kerb-util\2.0.3\kerb-util-2.0.3.jar;C:\Users\Dell\.m2\repository\org\apache\kerby\token-provider\2.0.3\token-provider-2.0.3.jar;C:\Users\Dell\.m2\repository\com\nimbusds\nimbus-jose-jwt\9.31\nimbus-jose-jwt-9.31.jar;C:\Users\Dell\.m2\repository\com\github\stephenc\jcip\jcip-annotations\1.0-1\jcip-annotations-1.0-1.jar;C:\Users\Dell\.m2\repository\org\apache\kerby\kerb-admin\2.0.3\kerb-admin-2.0.3.jar;C:\Users\Dell\.m2\repository\org\apache\kerby\kerb-server\2.0.3\kerb-server-2.0.3.jar;C:\Users\Dell\.m2\repository\org\apache\kerby\kerb-identity\2.0.3\kerb-identity-2.0.3.jar;C:\Users\Dell\.m2\repository\org\apache\kerby\kerby-xdr\2.0.3\kerby-xdr-2.0.3.jar;C:\Users\Dell\.m2\repository\org\jline\jline\3.9.0\jline-3.9.0.jar;C:\Users\Dell\.m2\repository\com\jcraft\jsch\0.1.55\jsch-0.1.55.jar;C:\Users\Dell\.m2\repository\org\slf4j\slf4j-log4j12\1.7.30\slf4j-log4j12-1.7.30.jar;C:\Users\Dell\.m2\repository\org\slf4j\slf4j-api\1.7.30\slf4j-api-1.7.30.jar;C:\Users\Dell\.m2\repository\log4j\log4j\1.2.17\log4j-1.2.17.jar;C:\Users\Dell\.m2\repository\junit\junit\4.13.2\junit-4.13.2.jar;C:\Users\Dell\.m2\repository\org\hamcrest\hamcrest-core\1.3\hamcrest-core-1.3.jar;"/>
    <property name="sun.cpu.endian" value="little"/>
    <property name="user.home" value="C:\Users\Dell"/>
    <property name="user.language" value="en"/>
    <property name="java.specification.vendor" value="Oracle Corporation"/>
    <property name="java.version.date" value="2022-10-18"/>
    <property name="java.home" value="C:\Program Files\Java\jdk-19"/>
    <property name="java.security.krb5.conf" value="D:\java\projects\hadoop\hadoop-common-project\hadoop-minikdc\target/test-classes/krb5.conf"/>
    <property name="file.separator" value="\"/>
    <property name="basedir" value="D:\java\projects\hadoop\hadoop-common-project\hadoop-minikdc"/>
    <property name="java.vm.compressedOopsMode" value="32-bit"/>
    <property name="line.separator" value="&#10;"/>
    <property name="java.vm.specification.vendor" value="Oracle Corporation"/>
    <property name="java.specification.name" value="Java Platform API Specification"/>
    <property name="surefire.real.class.path" value="C:\Users\Dell\AppData\Local\Temp\surefire5081887175813194767\surefirebooter17310057584051165688.jar"/>
    <property name="hadoop.log.dir" value="D:\java\projects\hadoop\hadoop-common-project\hadoop-minikdc\target/log"/>
    <property name="user.script" value=""/>
    <property name="sun.management.compiler" value="HotSpot 64-Bit Tiered Compilers"/>
    <property name="java.runtime.version" value="19.0.1+10-21"/>
    <property name="user.name" value="Dell"/>
    <property name="java.net.preferIPv4Stack" value="true"/>
    <property name="stdout.encoding" value="Cp1252"/>
    <property name="path.separator" value=";"/>
    <property name="java.security.egd" value="file:/dev/urandom"/>
    <property name="os.version" value="10.0"/>
    <property name="java.runtime.name" value="Java(TM) SE Runtime Environment"/>
    <property name="file.encoding" value="UTF-8"/>
    <property name="java.vm.name" value="Java HotSpot(TM) 64-Bit Server VM"/>
    <property name="test.build.webapps" value=""/>
    <property name="localRepository" value="C:\Users\Dell\.m2\repository"/>
    <property name="java.vendor.url.bug" value="https://bugreport.java.com/bugreport/"/>
    <property name="java.io.tmpdir" value="C:\Users\Dell\AppData\Local\Temp\"/>
    <property name="require.test.libhadoop" value=""/>
    <property name="java.version" value="19.0.1"/>
    <property name="user.dir" value="D:\java\projects\hadoop\hadoop-common-project\hadoop-minikdc"/>
    <property name="os.arch" value="amd64"/>
    <property name="java.vm.specification.name" value="Java Virtual Machine Specification"/>
    <property name="test.build.classes" value="D:\java\projects\hadoop\hadoop-common-project\hadoop-minikdc\target/test-classes"/>
    <property name="sun.os.patch.level" value=""/>
    <property name="native.encoding" value="Cp1252"/>
    <property name="hadoop.tmp.dir" value="D:\java\projects\hadoop\hadoop-common-project\hadoop-minikdc\target/tmp"/>
    <property name="java.library.path" value="C:\Program Files\Java\jdk-19\bin;C:\WINDOWS\Sun\Java\bin;C:\WINDOWS\system32;C:\WINDOWS;C:\WINDOWS\system32;C:\WINDOWS;C:\WINDOWS\System32\Wbem;C:\Program Files\Git\cmd;D:\gradle-7.6\bin;C:\apache-ant-1.9.16\bin;C:\Program Files\Docker\Docker\resources\bin;C:\Program Files\MySQL\MySQL Server 8.0\bin;C:\Program Files\PuTTY\;C:\Program Files\CMake\bin;C:\Program Files\Microsoft Visual Studio\2022\Community\VC\Tools\MSVC\14.34.31933\bin\Hostx64\x64;C:\Go\bin;C:\Users\Dell\AppData\Local\Microsoft\WindowsApps;C:\Program Files\Java\jdk-19\bin;C:\Program Files (x86)\Windows Kits\10\Windows Performance Toolkit\;C:\Program Files\nodejs\;D:\groovy-4.0.7\bin;D:\mongosh-1.8.0-win32-x64\bin;D:\grails-6.0.0\bin;C:\Program Files\PostgreSQL\14\bin;C:\Users\Dell\AppData\Local\Microsoft\WindowsApps;C:\Users\Dell\AppData\Local\Programs\Microsoft VS Code\bin;C:\apache-maven-3.8.6\bin;C:\Users\Dell\go\bin;C:\Users\Dell\AppData\Roaming\npm;C:\Users\Dell\flutter\bin;C:\Program Files\heroku\bin;D:\java\projects\hadoop\hadoop-common-project\hadoop-minikdc/../../hadoop-common-project/hadoop-common/target/bin;${isal.lib};."/>
    <property name="java.vm.info" value="mixed mode, sharing"/>
    <property name="stderr.encoding" value="Cp1252"/>
    <property name="java.vendor" value="Oracle Corporation"/>
    <property name="java.vm.version" value="19.0.1+10-21"/>
    <property name="sun.io.unicode.encoding" value="UnicodeLittle"/>
    <property name="java.class.version" value="63.0"/>
  </properties>
  <testcase name="testKeytabGen" classname="org.apache.hadoop.minikdc.TestChangeOrgNameAndDomain" time="1.443"/>
  <testcase name="testMiniKdcStart" classname="org.apache.hadoop.minikdc.TestChangeOrgNameAndDomain" time="1.026"/>
  <testcase name="testKerberosLogin" classname="org.apache.hadoop.minikdc.TestChangeOrgNameAndDomain" time="1.357"/>
</testsuite>