<?xml version="1.0" encoding="UTF-8"?>
<testsuite xmlns:xsi="http://www.w3.org/2001/XMLSchema-instance" xsi:noNamespaceSchemaLocation="https://maven.apache.org/surefire/maven-surefire-plugin/xsd/surefire-test-report.xsd" name="org.apache.hadoop.security.authentication.server.TestJWTRedirectAuthenticationHandler" time="18.521" tests="12" errors="0" skipped="0" failures="0">
  <properties>
    <property name="java.specification.version" value="19"/>
    <property name="sun.cpu.isalist" value="amd64"/>
    <property name="sun.jnu.encoding" value="Cp1252"/>
    <property name="java.class.path" value="D:\java\projects\hadoop\hadoop-common-project\hadoop-auth\target\test-classes;D:\java\projects\hadoop\hadoop-common-project\hadoop-auth\target\classes;D:\java\projects\hadoop\hadoop-common-project\hadoop-annotations\target\hadoop-annotations-3.4.0-SNAPSHOT.jar;C:\Users\Dell\.m2\repository\junit\junit\4.13.2\junit-4.13.2.jar;C:\Users\Dell\.m2\repository\org\hamcrest\hamcrest-core\1.3\hamcrest-core-1.3.jar;C:\Users\Dell\.m2\repository\org\mockito\mockito-core\2.28.2\mockito-core-2.28.2.jar;C:\Users\Dell\.m2\repository\net\bytebuddy\byte-buddy\1.9.10\byte-buddy-1.9.10.jar;C:\Users\Dell\.m2\repository\net\bytebuddy\byte-buddy-agent\1.9.10\byte-buddy-agent-1.9.10.jar;C:\Users\Dell\.m2\repository\org\objenesis\objenesis\2.6\objenesis-2.6.jar;C:\Users\Dell\.m2\repository\org\eclipse\jetty\jetty-util\9.4.51.v20230217\jetty-util-9.4.51.v20230217.jar;C:\Users\Dell\.m2\repository\org\eclipse\jetty\jetty-server\9.4.51.v20230217\jetty-server-9.4.51.v20230217.jar;C:\Users\Dell\.m2\repository\org\eclipse\jetty\jetty-http\9.4.51.v20230217\jetty-http-9.4.51.v20230217.jar;C:\Users\Dell\.m2\repository\org\eclipse\jetty\jetty-io\9.4.51.v20230217\jetty-io-9.4.51.v20230217.jar;C:\Users\Dell\.m2\repository\org\eclipse\jetty\jetty-servlet\9.4.51.v20230217\jetty-servlet-9.4.51.v20230217.jar;C:\Users\Dell\.m2\repository\org\eclipse\jetty\jetty-security\9.4.51.v20230217\jetty-security-9.4.51.v20230217.jar;C:\Users\Dell\.m2\repository\org\eclipse\jetty\jetty-util-ajax\9.4.51.v20230217\jetty-util-ajax-9.4.51.v20230217.jar;C:\Users\Dell\.m2\repository\javax\servlet\javax.servlet-api\3.1.0\javax.servlet-api-3.1.0.jar;C:\Users\Dell\.m2\repository\org\slf4j\slf4j-api\1.7.30\slf4j-api-1.7.30.jar;C:\Users\Dell\.m2\repository\commons-codec\commons-codec\1.15\commons-codec-1.15.jar;C:\Users\Dell\.m2\repository\log4j\log4j\1.2.17\log4j-1.2.17.jar;C:\Users\Dell\.m2\repository\org\slf4j\slf4j-log4j12\1.7.30\slf4j-log4j12-1.7.30.jar;D:\java\projects\hadoop\hadoop-common-project\hadoop-minikdc\target\hadoop-minikdc-3.4.0-SNAPSHOT.jar;C:\Users\Dell\.m2\repository\commons-io\commons-io\2.11.0\commons-io-2.11.0.jar;C:\Users\Dell\.m2\repository\org\apache\httpcomponents\httpclient\4.5.13\httpclient-4.5.13.jar;C:\Users\Dell\.m2\repository\org\apache\httpcomponents\httpcore\4.4.13\httpcore-4.4.13.jar;C:\Users\Dell\.m2\repository\commons-logging\commons-logging\1.1.3\commons-logging-1.1.3.jar;C:\Users\Dell\.m2\repository\com\nimbusds\nimbus-jose-jwt\9.31\nimbus-jose-jwt-9.31.jar;C:\Users\Dell\.m2\repository\com\github\stephenc\jcip\jcip-annotations\1.0-1\jcip-annotations-1.0-1.jar;C:\Users\Dell\.m2\repository\org\apache\zookeeper\zookeeper\3.6.3\zookeeper-3.6.3.jar;C:\Users\Dell\.m2\repository\org\apache\zookeeper\zookeeper-jute\3.6.3\zookeeper-jute-3.6.3.jar;C:\Users\Dell\.m2\repository\org\apache\yetus\audience-annotations\0.5.0\audience-annotations-0.5.0.jar;C:\Users\Dell\.m2\repository\io\dropwizard\metrics\metrics-core\3.2.4\metrics-core-3.2.4.jar;C:\Users\Dell\.m2\repository\org\xerial\snappy\snappy-java\1.1.10.1\snappy-java-1.1.10.1.jar;C:\Users\Dell\.m2\repository\org\apache\curator\curator-framework\5.2.0\curator-framework-5.2.0.jar;C:\Users\Dell\.m2\repository\org\apache\curator\curator-client\5.2.0\curator-client-5.2.0.jar;C:\Users\Dell\.m2\repository\org\apache\curator\curator-test\5.2.0\curator-test-5.2.0.jar;C:\Users\Dell\.m2\repository\org\junit\jupiter\junit-jupiter-api\5.8.2\junit-jupiter-api-5.8.2.jar;C:\Users\Dell\.m2\repository\org\opentest4j\opentest4j\1.2.0\opentest4j-1.2.0.jar;C:\Users\Dell\.m2\repository\org\junit\platform\junit-platform-commons\1.8.2\junit-platform-commons-1.8.2.jar;C:\Users\Dell\.m2\repository\org\apiguardian\apiguardian-api\1.1.2\apiguardian-api-1.1.2.jar;C:\Users\Dell\.m2\repository\org\apache\kerby\kerb-simplekdc\2.0.3\kerb-simplekdc-2.0.3.jar;C:\Users\Dell\.m2\repository\org\apache\kerby\kerb-client\2.0.3\kerb-client-2.0.3.jar;C:\Users\Dell\.m2\repository\org\apache\kerby\kerby-config\2.0.3\kerby-config-2.0.3.jar;C:\Users\Dell\.m2\repository\org\apache\kerby\kerb-core\2.0.3\kerb-core-2.0.3.jar;C:\Users\Dell\.m2\repository\org\apache\kerby\kerby-pkix\2.0.3\kerby-pkix-2.0.3.jar;C:\Users\Dell\.m2\repository\org\apache\kerby\kerby-asn1\2.0.3\kerby-asn1-2.0.3.jar;C:\Users\Dell\.m2\repository\org\apache\kerby\kerby-util\2.0.3\kerby-util-2.0.3.jar;C:\Users\Dell\.m2\repository\org\apache\kerby\kerb-common\2.0.3\kerb-common-2.0.3.jar;C:\Users\Dell\.m2\repository\org\apache\kerby\kerb-crypto\2.0.3\kerb-crypto-2.0.3.jar;C:\Users\Dell\.m2\repository\org\apache\kerby\kerb-util\2.0.3\kerb-util-2.0.3.jar;C:\Users\Dell\.m2\repository\org\apache\kerby\token-provider\2.0.3\token-provider-2.0.3.jar;C:\Users\Dell\.m2\repository\org\apache\kerby\kerb-admin\2.0.3\kerb-admin-2.0.3.jar;C:\Users\Dell\.m2\repository\org\apache\kerby\kerb-server\2.0.3\kerb-server-2.0.3.jar;C:\Users\Dell\.m2\repository\org\apache\kerby\kerb-identity\2.0.3\kerb-identity-2.0.3.jar;C:\Users\Dell\.m2\repository\org\apache\kerby\kerby-xdr\2.0.3\kerby-xdr-2.0.3.jar;C:\Users\Dell\.m2\repository\org\jline\jline\3.9.0\jline-3.9.0.jar;C:\Users\Dell\.m2\repository\com\jcraft\jsch\0.1.55\jsch-0.1.55.jar;C:\Users\Dell\.m2\repository\org\apache\directory\server\apacheds-core\2.0.0.AM26\apacheds-core-2.0.0.AM26.jar;C:\Users\Dell\.m2\repository\org\apache\directory\server\apacheds-i18n\2.0.0.AM26\apacheds-i18n-2.0.0.AM26.jar;C:\Users\Dell\.m2\repository\org\apache\directory\server\apacheds-core-shared\2.0.0.AM26\apacheds-core-shared-2.0.0.AM26.jar;C:\Users\Dell\.m2\repository\org\apache\directory\server\apacheds-interceptors-admin\2.0.0.AM26\apacheds-interceptors-admin-2.0.0.AM26.jar;C:\Users\Dell\.m2\repository\org\apache\directory\server\apacheds-interceptors-authn\2.0.0.AM26\apacheds-interceptors-authn-2.0.0.AM26.jar;C:\Users\Dell\.m2\repository\org\apache\directory\server\apacheds-interceptors-number\2.0.0.AM26\apacheds-interceptors-number-2.0.0.AM26.jar;C:\Users\Dell\.m2\repository\org\apache\directory\server\apacheds-interceptors-authz\2.0.0.AM26\apacheds-interceptors-authz-2.0.0.AM26.jar;C:\Users\Dell\.m2\repository\org\apache\directory\api\api-ldap-extras-aci\2.0.0\api-ldap-extras-aci-2.0.0.jar;C:\Users\Dell\.m2\repository\org\apache\directory\server\apacheds-interceptors-changelog\2.0.0.AM26\apacheds-interceptors-changelog-2.0.0.AM26.jar;C:\Users\Dell\.m2\repository\org\apache\directory\server\apacheds-interceptors-collective\2.0.0.AM26\apacheds-interceptors-collective-2.0.0.AM26.jar;C:\Users\Dell\.m2\repository\org\apache\directory\server\apacheds-interceptors-event\2.0.0.AM26\apacheds-interceptors-event-2.0.0.AM26.jar;C:\Users\Dell\.m2\repository\org\apache\directory\server\apacheds-interceptors-exception\2.0.0.AM26\apacheds-interceptors-exception-2.0.0.AM26.jar;C:\Users\Dell\.m2\repository\org\apache\directory\server\apacheds-interceptors-journal\2.0.0.AM26\apacheds-interceptors-journal-2.0.0.AM26.jar;C:\Users\Dell\.m2\repository\org\apache\directory\server\apacheds-interceptors-normalization\2.0.0.AM26\apacheds-interceptors-normalization-2.0.0.AM26.jar;C:\Users\Dell\.m2\repository\org\apache\directory\server\apacheds-interceptors-operational\2.0.0.AM26\apacheds-interceptors-operational-2.0.0.AM26.jar;C:\Users\Dell\.m2\repository\org\apache\directory\server\apacheds-interceptors-referral\2.0.0.AM26\apacheds-interceptors-referral-2.0.0.AM26.jar;C:\Users\Dell\.m2\repository\org\apache\directory\server\apacheds-interceptors-schema\2.0.0.AM26\apacheds-interceptors-schema-2.0.0.AM26.jar;C:\Users\Dell\.m2\repository\org\apache\directory\server\apacheds-interceptors-subtree\2.0.0.AM26\apacheds-interceptors-subtree-2.0.0.AM26.jar;C:\Users\Dell\.m2\repository\org\apache\directory\server\apacheds-interceptors-trigger\2.0.0.AM26\apacheds-interceptors-trigger-2.0.0.AM26.jar;C:\Users\Dell\.m2\repository\org\apache\directory\api\api-ldap-extras-trigger\2.0.0\api-ldap-extras-trigger-2.0.0.jar;C:\Users\Dell\.m2\repository\org\apache\directory\api\api-ldap-extras-util\2.0.0\api-ldap-extras-util-2.0.0.jar;C:\Users\Dell\.m2\repository\org\apache\directory\api\api-ldap-schema-data\2.0.0\api-ldap-schema-data-2.0.0.jar;C:\Users\Dell\.m2\repository\org\apache\directory\api\api-util\2.0.0\api-util-2.0.0.jar;C:\Users\Dell\.m2\repository\org\bouncycastle\bcprov-jdk15on\1.68\bcprov-jdk15on-1.68.jar;C:\Users\Dell\.m2\repository\org\apache\directory\server\apacheds-protocol-ldap\2.0.0.AM26\apacheds-protocol-ldap-2.0.0.AM26.jar;C:\Users\Dell\.m2\repository\org\apache\directory\server\apacheds-core-api\2.0.0.AM26\apacheds-core-api-2.0.0.AM26.jar;C:\Users\Dell\.m2\repository\org\apache\directory\server\apacheds-core-constants\2.0.0.AM26\apacheds-core-constants-2.0.0.AM26.jar;C:\Users\Dell\.m2\repository\com\github\ben-manes\caffeine\caffeine\2.7.0\caffeine-2.7.0.jar;C:\Users\Dell\.m2\repository\org\apache\directory\server\apacheds-protocol-shared\2.0.0.AM26\apacheds-protocol-shared-2.0.0.AM26.jar;C:\Users\Dell\.m2\repository\org\apache\directory\jdbm\apacheds-jdbm1\2.0.0-M3\apacheds-jdbm1-2.0.0-M3.jar;C:\Users\Dell\.m2\repository\org\apache\directory\server\apacheds-jdbm-partition\2.0.0.AM26\apacheds-jdbm-partition-2.0.0.AM26.jar;C:\Users\Dell\.m2\repository\org\apache\directory\server\apacheds-core-avl\2.0.0.AM26\apacheds-core-avl-2.0.0.AM26.jar;C:\Users\Dell\.m2\repository\org\apache\directory\server\apacheds-kerberos-codec\2.0.0.AM26\apacheds-kerberos-codec-2.0.0.AM26.jar;C:\Users\Dell\.m2\repository\org\apache\commons\commons-lang3\3.12.0\commons-lang3-3.12.0.jar;C:\Users\Dell\.m2\repository\org\apache\directory\api\api-asn1-ber\2.0.0\api-asn1-ber-2.0.0.jar;C:\Users\Dell\.m2\repository\org\apache\directory\api\api-ldap-client-api\2.0.0\api-ldap-client-api-2.0.0.jar;C:\Users\Dell\.m2\repository\org\apache\commons\commons-pool2\2.7.0\commons-pool2-2.7.0.jar;C:\Users\Dell\.m2\repository\org\apache\directory\api\api-ldap-extras-codec-api\2.0.0\api-ldap-extras-codec-api-2.0.0.jar;C:\Users\Dell\.m2\repository\org\apache\directory\api\api-ldap-extras-codec\2.0.0\api-ldap-extras-codec-2.0.0.jar;C:\Users\Dell\.m2\repository\org\apache\directory\api\api-ldap-extras-sp\2.0.0\api-ldap-extras-sp-2.0.0.jar;C:\Users\Dell\.m2\repository\org\apache\mina\mina-core\2.0.22\mina-core-2.0.22.jar;C:\Users\Dell\.m2\repository\org\apache\directory\server\apacheds-ldif-partition\2.0.0.AM26\apacheds-ldif-partition-2.0.0.AM26.jar;C:\Users\Dell\.m2\repository\org\apache\directory\server\apacheds-xdbm-partition\2.0.0.AM26\apacheds-xdbm-partition-2.0.0.AM26.jar;C:\Users\Dell\.m2\repository\org\apache\directory\api\api-ldap-codec-core\2.0.0\api-ldap-codec-core-2.0.0.jar;C:\Users\Dell\.m2\repository\org\apache\directory\api\api-asn1-api\2.0.0\api-asn1-api-2.0.0.jar;C:\Users\Dell\.m2\repository\org\apache\directory\api\api-i18n\2.0.0\api-i18n-2.0.0.jar;C:\Users\Dell\.m2\repository\org\apache\commons\commons-collections4\4.4\commons-collections4-4.4.jar;C:\Users\Dell\.m2\repository\org\apache\directory\api\api-ldap-model\2.0.0\api-ldap-model-2.0.0.jar;C:\Users\Dell\.m2\repository\org\apache\servicemix\bundles\org.apache.servicemix.bundles.antlr\2.7.7_5\org.apache.servicemix.bundles.antlr-2.7.7_5.jar;C:\Users\Dell\.m2\repository\org\apache\directory\server\apacheds-server-integ\2.0.0.AM26\apacheds-server-integ-2.0.0.AM26.jar;C:\Users\Dell\.m2\repository\org\apache\directory\server\apacheds-core-annotations\2.0.0.AM26\apacheds-core-annotations-2.0.0.AM26.jar;C:\Users\Dell\.m2\repository\org\apache\directory\mavibot\mavibot\1.0.0-M8\mavibot-1.0.0-M8.jar;C:\Users\Dell\.m2\repository\commons-collections\commons-collections\3.2.2\commons-collections-3.2.2.jar;C:\Users\Dell\.m2\repository\org\apache\directory\server\apacheds-mavibot-partition\2.0.0.AM26\apacheds-mavibot-partition-2.0.0.AM26.jar;C:\Users\Dell\.m2\repository\org\apache\directory\server\apacheds-core-jndi\2.0.0.AM26\apacheds-core-jndi-2.0.0.AM26.jar;C:\Users\Dell\.m2\repository\org\apache\directory\server\apacheds-interceptor-kerberos\2.0.0.AM26\apacheds-interceptor-kerberos-2.0.0.AM26.jar;C:\Users\Dell\.m2\repository\org\apache\directory\server\apacheds-server-annotations\2.0.0.AM26\apacheds-server-annotations-2.0.0.AM26.jar;C:\Users\Dell\.m2\repository\org\apache\directory\server\apacheds-protocol-kerberos\2.0.0.AM26\apacheds-protocol-kerberos-2.0.0.AM26.jar;C:\Users\Dell\.m2\repository\org\apache\directory\server\apacheds-test-framework\2.0.0.AM26\apacheds-test-framework-2.0.0.AM26.jar;C:\Users\Dell\.m2\repository\org\apache\directory\api\api-ldap-codec-standalone\2.0.0\api-ldap-codec-standalone-2.0.0.jar;C:\Users\Dell\.m2\repository\org\apache\directory\api\api-ldap-net-mina\2.0.0\api-ldap-net-mina-2.0.0.jar;C:\Users\Dell\.m2\repository\ldapsdk\ldapsdk\4.1\ldapsdk-4.1.jar;C:\Users\Dell\.m2\repository\org\apache\directory\api\api-dsml-engine\2.0.0\api-dsml-engine-2.0.0.jar;C:\Users\Dell\.m2\repository\org\apache\directory\api\api-dsml-parser\2.0.0\api-dsml-parser-2.0.0.jar;C:\Users\Dell\.m2\repository\org\apache\servicemix\bundles\org.apache.servicemix.bundles.xpp3\1.1.4c_7\org.apache.servicemix.bundles.xpp3-1.1.4c_7.jar;C:\Users\Dell\.m2\repository\org\apache\servicemix\bundles\org.apache.servicemix.bundles.dom4j\2.1.1_1\org.apache.servicemix.bundles.dom4j-2.1.1_1.jar;C:\Users\Dell\.m2\repository\org\apache\directory\server\apacheds-core-integ\2.0.0.AM26\apacheds-core-integ-2.0.0.AM26.jar;C:\Users\Dell\.m2\repository\org\apache\directory\server\apacheds-interceptors-hash\2.0.0.AM26\apacheds-interceptors-hash-2.0.0.AM26.jar;C:\Users\Dell\.m2\repository\org\apache\directory\server\apacheds-server-config\2.0.0.AM26\apacheds-server-config-2.0.0.AM26.jar;C:\Users\Dell\.m2\repository\org\apache\hadoop\thirdparty\hadoop-shaded-guava\1.1.1\hadoop-shaded-guava-1.1.1.jar;C:\Users\Dell\.m2\repository\com\google\guava\guava\27.0-jre\guava-27.0-jre.jar;C:\Users\Dell\.m2\repository\com\google\guava\failureaccess\1.0\failureaccess-1.0.jar;C:\Users\Dell\.m2\repository\com\google\guava\listenablefuture\9999.0-empty-to-avoid-conflict-with-guava\listenablefuture-9999.0-empty-to-avoid-conflict-with-guava.jar;C:\Users\Dell\.m2\repository\com\google\code\findbugs\jsr305\3.0.2\jsr305-3.0.2.jar;C:\Users\Dell\.m2\repository\org\checkerframework\checker-qual\2.5.2\checker-qual-2.5.2.jar;C:\Users\Dell\.m2\repository\com\google\j2objc\j2objc-annotations\1.1\j2objc-annotations-1.1.jar;C:\Users\Dell\.m2\repository\org\codehaus\mojo\animal-sniffer-annotations\1.17\animal-sniffer-annotations-1.17.jar;"/>
    <property name="java.vm.vendor" value="Oracle Corporation"/>
    <property name="sun.arch.data.model" value="64"/>
    <property name="test.build.dir" value="D:\java\projects\hadoop\hadoop-common-project\hadoop-auth\target/test-dir"/>
    <property name="user.variant" value=""/>
    <property name="test.cache.data" value=""/>
    <property name="java.vendor.url" value="https://java.oracle.com/"/>
    <property name="user.timezone" value="Asia/Calcutta"/>
    <property name="os.name" value="Windows 10"/>
    <property name="java.vm.specification.version" value="19"/>
    <property name="test.build.data" value="D:\java\projects\hadoop\hadoop-common-project\hadoop-auth\target/test-dir"/>
    <property name="sun.java.launcher" value="SUN_STANDARD"/>
    <property name="user.country" value="US"/>
    <property name="sun.boot.library.path" value="C:\Program Files\Java\jdk-19\bin"/>
    <property name="sun.java.command" value="C:\Users\Dell\AppData\Local\Temp\surefire12906471470280869015\surefirebooter17155937155351508167.jar C:\Users\Dell\AppData\Local\Temp\surefire12906471470280869015 2023-08-07T15-51-10_182-jvmRun1 surefire15617897972205532044tmp surefire_810203567008256629862tmp"/>
    <property name="jdk.debug" value="release"/>
    <property name="surefire.test.class.path" value="D:\java\projects\hadoop\hadoop-common-project\hadoop-auth\target\test-classes;D:\java\projects\hadoop\hadoop-common-project\hadoop-auth\target\classes;D:\java\projects\hadoop\hadoop-common-project\hadoop-annotations\target\hadoop-annotations-3.4.0-SNAPSHOT.jar;C:\Users\Dell\.m2\repository\junit\junit\4.13.2\junit-4.13.2.jar;C:\Users\Dell\.m2\repository\org\hamcrest\hamcrest-core\1.3\hamcrest-core-1.3.jar;C:\Users\Dell\.m2\repository\org\mockito\mockito-core\2.28.2\mockito-core-2.28.2.jar;C:\Users\Dell\.m2\repository\net\bytebuddy\byte-buddy\1.9.10\byte-buddy-1.9.10.jar;C:\Users\Dell\.m2\repository\net\bytebuddy\byte-buddy-agent\1.9.10\byte-buddy-agent-1.9.10.jar;C:\Users\Dell\.m2\repository\org\objenesis\objenesis\2.6\objenesis-2.6.jar;C:\Users\Dell\.m2\repository\org\eclipse\jetty\jetty-util\9.4.51.v20230217\jetty-util-9.4.51.v20230217.jar;C:\Users\Dell\.m2\repository\org\eclipse\jetty\jetty-server\9.4.51.v20230217\jetty-server-9.4.51.v20230217.jar;C:\Users\Dell\.m2\repository\org\eclipse\jetty\jetty-http\9.4.51.v20230217\jetty-http-9.4.51.v20230217.jar;C:\Users\Dell\.m2\repository\org\eclipse\jetty\jetty-io\9.4.51.v20230217\jetty-io-9.4.51.v20230217.jar;C:\Users\Dell\.m2\repository\org\eclipse\jetty\jetty-servlet\9.4.51.v20230217\jetty-servlet-9.4.51.v20230217.jar;C:\Users\Dell\.m2\repository\org\eclipse\jetty\jetty-security\9.4.51.v20230217\jetty-security-9.4.51.v20230217.jar;C:\Users\Dell\.m2\repository\org\eclipse\jetty\jetty-util-ajax\9.4.51.v20230217\jetty-util-ajax-9.4.51.v20230217.jar;C:\Users\Dell\.m2\repository\javax\servlet\javax.servlet-api\3.1.0\javax.servlet-api-3.1.0.jar;C:\Users\Dell\.m2\repository\org\slf4j\slf4j-api\1.7.30\slf4j-api-1.7.30.jar;C:\Users\Dell\.m2\repository\commons-codec\commons-codec\1.15\commons-codec-1.15.jar;C:\Users\Dell\.m2\repository\log4j\log4j\1.2.17\log4j-1.2.17.jar;C:\Users\Dell\.m2\repository\org\slf4j\slf4j-log4j12\1.7.30\slf4j-log4j12-1.7.30.jar;D:\java\projects\hadoop\hadoop-common-project\hadoop-minikdc\target\hadoop-minikdc-3.4.0-SNAPSHOT.jar;C:\Users\Dell\.m2\repository\commons-io\commons-io\2.11.0\commons-io-2.11.0.jar;C:\Users\Dell\.m2\repository\org\apache\httpcomponents\httpclient\4.5.13\httpclient-4.5.13.jar;C:\Users\Dell\.m2\repository\org\apache\httpcomponents\httpcore\4.4.13\httpcore-4.4.13.jar;C:\Users\Dell\.m2\repository\commons-logging\commons-logging\1.1.3\commons-logging-1.1.3.jar;C:\Users\Dell\.m2\repository\com\nimbusds\nimbus-jose-jwt\9.31\nimbus-jose-jwt-9.31.jar;C:\Users\Dell\.m2\repository\com\github\stephenc\jcip\jcip-annotations\1.0-1\jcip-annotations-1.0-1.jar;C:\Users\Dell\.m2\repository\org\apache\zookeeper\zookeeper\3.6.3\zookeeper-3.6.3.jar;C:\Users\Dell\.m2\repository\org\apache\zookeeper\zookeeper-jute\3.6.3\zookeeper-jute-3.6.3.jar;C:\Users\Dell\.m2\repository\org\apache\yetus\audience-annotations\0.5.0\audience-annotations-0.5.0.jar;C:\Users\Dell\.m2\repository\io\dropwizard\metrics\metrics-core\3.2.4\metrics-core-3.2.4.jar;C:\Users\Dell\.m2\repository\org\xerial\snappy\snappy-java\1.1.10.1\snappy-java-1.1.10.1.jar;C:\Users\Dell\.m2\repository\org\apache\curator\curator-framework\5.2.0\curator-framework-5.2.0.jar;C:\Users\Dell\.m2\repository\org\apache\curator\curator-client\5.2.0\curator-client-5.2.0.jar;C:\Users\Dell\.m2\repository\org\apache\curator\curator-test\5.2.0\curator-test-5.2.0.jar;C:\Users\Dell\.m2\repository\org\junit\jupiter\junit-jupiter-api\5.8.2\junit-jupiter-api-5.8.2.jar;C:\Users\Dell\.m2\repository\org\opentest4j\opentest4j\1.2.0\opentest4j-1.2.0.jar;C:\Users\Dell\.m2\repository\org\junit\platform\junit-platform-commons\1.8.2\junit-platform-commons-1.8.2.jar;C:\Users\Dell\.m2\repository\org\apiguardian\apiguardian-api\1.1.2\apiguardian-api-1.1.2.jar;C:\Users\Dell\.m2\repository\org\apache\kerby\kerb-simplekdc\2.0.3\kerb-simplekdc-2.0.3.jar;C:\Users\Dell\.m2\repository\org\apache\kerby\kerb-client\2.0.3\kerb-client-2.0.3.jar;C:\Users\Dell\.m2\repository\org\apache\kerby\kerby-config\2.0.3\kerby-config-2.0.3.jar;C:\Users\Dell\.m2\repository\org\apache\kerby\kerb-core\2.0.3\kerb-core-2.0.3.jar;C:\Users\Dell\.m2\repository\org\apache\kerby\kerby-pkix\2.0.3\kerby-pkix-2.0.3.jar;C:\Users\Dell\.m2\repository\org\apache\kerby\kerby-asn1\2.0.3\kerby-asn1-2.0.3.jar;C:\Users\Dell\.m2\repository\org\apache\kerby\kerby-util\2.0.3\kerby-util-2.0.3.jar;C:\Users\Dell\.m2\repository\org\apache\kerby\kerb-common\2.0.3\kerb-common-2.0.3.jar;C:\Users\Dell\.m2\repository\org\apache\kerby\kerb-crypto\2.0.3\kerb-crypto-2.0.3.jar;C:\Users\Dell\.m2\repository\org\apache\kerby\kerb-util\2.0.3\kerb-util-2.0.3.jar;C:\Users\Dell\.m2\repository\org\apache\kerby\token-provider\2.0.3\token-provider-2.0.3.jar;C:\Users\Dell\.m2\repository\org\apache\kerby\kerb-admin\2.0.3\kerb-admin-2.0.3.jar;C:\Users\Dell\.m2\repository\org\apache\kerby\kerb-server\2.0.3\kerb-server-2.0.3.jar;C:\Users\Dell\.m2\repository\org\apache\kerby\kerb-identity\2.0.3\kerb-identity-2.0.3.jar;C:\Users\Dell\.m2\repository\org\apache\kerby\kerby-xdr\2.0.3\kerby-xdr-2.0.3.jar;C:\Users\Dell\.m2\repository\org\jline\jline\3.9.0\jline-3.9.0.jar;C:\Users\Dell\.m2\repository\com\jcraft\jsch\0.1.55\jsch-0.1.55.jar;C:\Users\Dell\.m2\repository\org\apache\directory\server\apacheds-core\2.0.0.AM26\apacheds-core-2.0.0.AM26.jar;C:\Users\Dell\.m2\repository\org\apache\directory\server\apacheds-i18n\2.0.0.AM26\apacheds-i18n-2.0.0.AM26.jar;C:\Users\Dell\.m2\repository\org\apache\directory\server\apacheds-core-shared\2.0.0.AM26\apacheds-core-shared-2.0.0.AM26.jar;C:\Users\Dell\.m2\repository\org\apache\directory\server\apacheds-interceptors-admin\2.0.0.AM26\apacheds-interceptors-admin-2.0.0.AM26.jar;C:\Users\Dell\.m2\repository\org\apache\directory\server\apacheds-interceptors-authn\2.0.0.AM26\apacheds-interceptors-authn-2.0.0.AM26.jar;C:\Users\Dell\.m2\repository\org\apache\directory\server\apacheds-interceptors-number\2.0.0.AM26\apacheds-interceptors-number-2.0.0.AM26.jar;C:\Users\Dell\.m2\repository\org\apache\directory\server\apacheds-interceptors-authz\2.0.0.AM26\apacheds-interceptors-authz-2.0.0.AM26.jar;C:\Users\Dell\.m2\repository\org\apache\directory\api\api-ldap-extras-aci\2.0.0\api-ldap-extras-aci-2.0.0.jar;C:\Users\Dell\.m2\repository\org\apache\directory\server\apacheds-interceptors-changelog\2.0.0.AM26\apacheds-interceptors-changelog-2.0.0.AM26.jar;C:\Users\Dell\.m2\repository\org\apache\directory\server\apacheds-interceptors-collective\2.0.0.AM26\apacheds-interceptors-collective-2.0.0.AM26.jar;C:\Users\Dell\.m2\repository\org\apache\directory\server\apacheds-interceptors-event\2.0.0.AM26\apacheds-interceptors-event-2.0.0.AM26.jar;C:\Users\Dell\.m2\repository\org\apache\directory\server\apacheds-interceptors-exception\2.0.0.AM26\apacheds-interceptors-exception-2.0.0.AM26.jar;C:\Users\Dell\.m2\repository\org\apache\directory\server\apacheds-interceptors-journal\2.0.0.AM26\apacheds-interceptors-journal-2.0.0.AM26.jar;C:\Users\Dell\.m2\repository\org\apache\directory\server\apacheds-interceptors-normalization\2.0.0.AM26\apacheds-interceptors-normalization-2.0.0.AM26.jar;C:\Users\Dell\.m2\repository\org\apache\directory\server\apacheds-interceptors-operational\2.0.0.AM26\apacheds-interceptors-operational-2.0.0.AM26.jar;C:\Users\Dell\.m2\repository\org\apache\directory\server\apacheds-interceptors-referral\2.0.0.AM26\apacheds-interceptors-referral-2.0.0.AM26.jar;C:\Users\Dell\.m2\repository\org\apache\directory\server\apacheds-interceptors-schema\2.0.0.AM26\apacheds-interceptors-schema-2.0.0.AM26.jar;C:\Users\Dell\.m2\repository\org\apache\directory\server\apacheds-interceptors-subtree\2.0.0.AM26\apacheds-interceptors-subtree-2.0.0.AM26.jar;C:\Users\Dell\.m2\repository\org\apache\directory\server\apacheds-interceptors-trigger\2.0.0.AM26\apacheds-interceptors-trigger-2.0.0.AM26.jar;C:\Users\Dell\.m2\repository\org\apache\directory\api\api-ldap-extras-trigger\2.0.0\api-ldap-extras-trigger-2.0.0.jar;C:\Users\Dell\.m2\repository\org\apache\directory\api\api-ldap-extras-util\2.0.0\api-ldap-extras-util-2.0.0.jar;C:\Users\Dell\.m2\repository\org\apache\directory\api\api-ldap-schema-data\2.0.0\api-ldap-schema-data-2.0.0.jar;C:\Users\Dell\.m2\repository\org\apache\directory\api\api-util\2.0.0\api-util-2.0.0.jar;C:\Users\Dell\.m2\repository\org\bouncycastle\bcprov-jdk15on\1.68\bcprov-jdk15on-1.68.jar;C:\Users\Dell\.m2\repository\org\apache\directory\server\apacheds-protocol-ldap\2.0.0.AM26\apacheds-protocol-ldap-2.0.0.AM26.jar;C:\Users\Dell\.m2\repository\org\apache\directory\server\apacheds-core-api\2.0.0.AM26\apacheds-core-api-2.0.0.AM26.jar;C:\Users\Dell\.m2\repository\org\apache\directory\server\apacheds-core-constants\2.0.0.AM26\apacheds-core-constants-2.0.0.AM26.jar;C:\Users\Dell\.m2\repository\com\github\ben-manes\caffeine\caffeine\2.7.0\caffeine-2.7.0.jar;C:\Users\Dell\.m2\repository\org\apache\directory\server\apacheds-protocol-shared\2.0.0.AM26\apacheds-protocol-shared-2.0.0.AM26.jar;C:\Users\Dell\.m2\repository\org\apache\directory\jdbm\apacheds-jdbm1\2.0.0-M3\apacheds-jdbm1-2.0.0-M3.jar;C:\Users\Dell\.m2\repository\org\apache\directory\server\apacheds-jdbm-partition\2.0.0.AM26\apacheds-jdbm-partition-2.0.0.AM26.jar;C:\Users\Dell\.m2\repository\org\apache\directory\server\apacheds-core-avl\2.0.0.AM26\apacheds-core-avl-2.0.0.AM26.jar;C:\Users\Dell\.m2\repository\org\apache\directory\server\apacheds-kerberos-codec\2.0.0.AM26\apacheds-kerberos-codec-2.0.0.AM26.jar;C:\Users\Dell\.m2\repository\org\apache\commons\commons-lang3\3.12.0\commons-lang3-3.12.0.jar;C:\Users\Dell\.m2\repository\org\apache\directory\api\api-asn1-ber\2.0.0\api-asn1-ber-2.0.0.jar;C:\Users\Dell\.m2\repository\org\apache\directory\api\api-ldap-client-api\2.0.0\api-ldap-client-api-2.0.0.jar;C:\Users\Dell\.m2\repository\org\apache\commons\commons-pool2\2.7.0\commons-pool2-2.7.0.jar;C:\Users\Dell\.m2\repository\org\apache\directory\api\api-ldap-extras-codec-api\2.0.0\api-ldap-extras-codec-api-2.0.0.jar;C:\Users\Dell\.m2\repository\org\apache\directory\api\api-ldap-extras-codec\2.0.0\api-ldap-extras-codec-2.0.0.jar;C:\Users\Dell\.m2\repository\org\apache\directory\api\api-ldap-extras-sp\2.0.0\api-ldap-extras-sp-2.0.0.jar;C:\Users\Dell\.m2\repository\org\apache\mina\mina-core\2.0.22\mina-core-2.0.22.jar;C:\Users\Dell\.m2\repository\org\apache\directory\server\apacheds-ldif-partition\2.0.0.AM26\apacheds-ldif-partition-2.0.0.AM26.jar;C:\Users\Dell\.m2\repository\org\apache\directory\server\apacheds-xdbm-partition\2.0.0.AM26\apacheds-xdbm-partition-2.0.0.AM26.jar;C:\Users\Dell\.m2\repository\org\apache\directory\api\api-ldap-codec-core\2.0.0\api-ldap-codec-core-2.0.0.jar;C:\Users\Dell\.m2\repository\org\apache\directory\api\api-asn1-api\2.0.0\api-asn1-api-2.0.0.jar;C:\Users\Dell\.m2\repository\org\apache\directory\api\api-i18n\2.0.0\api-i18n-2.0.0.jar;C:\Users\Dell\.m2\repository\org\apache\commons\commons-collections4\4.4\commons-collections4-4.4.jar;C:\Users\Dell\.m2\repository\org\apache\directory\api\api-ldap-model\2.0.0\api-ldap-model-2.0.0.jar;C:\Users\Dell\.m2\repository\org\apache\servicemix\bundles\org.apache.servicemix.bundles.antlr\2.7.7_5\org.apache.servicemix.bundles.antlr-2.7.7_5.jar;C:\Users\Dell\.m2\repository\org\apache\directory\server\apacheds-server-integ\2.0.0.AM26\apacheds-server-integ-2.0.0.AM26.jar;C:\Users\Dell\.m2\repository\org\apache\directory\server\apacheds-core-annotations\2.0.0.AM26\apacheds-core-annotations-2.0.0.AM26.jar;C:\Users\Dell\.m2\repository\org\apache\directory\mavibot\mavibot\1.0.0-M8\mavibot-1.0.0-M8.jar;C:\Users\Dell\.m2\repository\commons-collections\commons-collections\3.2.2\commons-collections-3.2.2.jar;C:\Users\Dell\.m2\repository\org\apache\directory\server\apacheds-mavibot-partition\2.0.0.AM26\apacheds-mavibot-partition-2.0.0.AM26.jar;C:\Users\Dell\.m2\repository\org\apache\directory\server\apacheds-core-jndi\2.0.0.AM26\apacheds-core-jndi-2.0.0.AM26.jar;C:\Users\Dell\.m2\repository\org\apache\directory\server\apacheds-interceptor-kerberos\2.0.0.AM26\apacheds-interceptor-kerberos-2.0.0.AM26.jar;C:\Users\Dell\.m2\repository\org\apache\directory\server\apacheds-server-annotations\2.0.0.AM26\apacheds-server-annotations-2.0.0.AM26.jar;C:\Users\Dell\.m2\repository\org\apache\directory\server\apacheds-protocol-kerberos\2.0.0.AM26\apacheds-protocol-kerberos-2.0.0.AM26.jar;C:\Users\Dell\.m2\repository\org\apache\directory\server\apacheds-test-framework\2.0.0.AM26\apacheds-test-framework-2.0.0.AM26.jar;C:\Users\Dell\.m2\repository\org\apache\directory\api\api-ldap-codec-standalone\2.0.0\api-ldap-codec-standalone-2.0.0.jar;C:\Users\Dell\.m2\repository\org\apache\directory\api\api-ldap-net-mina\2.0.0\api-ldap-net-mina-2.0.0.jar;C:\Users\Dell\.m2\repository\ldapsdk\ldapsdk\4.1\ldapsdk-4.1.jar;C:\Users\Dell\.m2\repository\org\apache\directory\api\api-dsml-engine\2.0.0\api-dsml-engine-2.0.0.jar;C:\Users\Dell\.m2\repository\org\apache\directory\api\api-dsml-parser\2.0.0\api-dsml-parser-2.0.0.jar;C:\Users\Dell\.m2\repository\org\apache\servicemix\bundles\org.apache.servicemix.bundles.xpp3\1.1.4c_7\org.apache.servicemix.bundles.xpp3-1.1.4c_7.jar;C:\Users\Dell\.m2\repository\org\apache\servicemix\bundles\org.apache.servicemix.bundles.dom4j\2.1.1_1\org.apache.servicemix.bundles.dom4j-2.1.1_1.jar;C:\Users\Dell\.m2\repository\org\apache\directory\server\apacheds-core-integ\2.0.0.AM26\apacheds-core-integ-2.0.0.AM26.jar;C:\Users\Dell\.m2\repository\org\apache\directory\server\apacheds-interceptors-hash\2.0.0.AM26\apacheds-interceptors-hash-2.0.0.AM26.jar;C:\Users\Dell\.m2\repository\org\apache\directory\server\apacheds-server-config\2.0.0.AM26\apacheds-server-config-2.0.0.AM26.jar;C:\Users\Dell\.m2\repository\org\apache\hadoop\thirdparty\hadoop-shaded-guava\1.1.1\hadoop-shaded-guava-1.1.1.jar;C:\Users\Dell\.m2\repository\com\google\guava\guava\27.0-jre\guava-27.0-jre.jar;C:\Users\Dell\.m2\repository\com\google\guava\failureaccess\1.0\failureaccess-1.0.jar;C:\Users\Dell\.m2\repository\com\google\guava\listenablefuture\9999.0-empty-to-avoid-conflict-with-guava\listenablefuture-9999.0-empty-to-avoid-conflict-with-guava.jar;C:\Users\Dell\.m2\repository\com\google\code\findbugs\jsr305\3.0.2\jsr305-3.0.2.jar;C:\Users\Dell\.m2\repository\org\checkerframework\checker-qual\2.5.2\checker-qual-2.5.2.jar;C:\Users\Dell\.m2\repository\com\google\j2objc\j2objc-annotations\1.1\j2objc-annotations-1.1.jar;C:\Users\Dell\.m2\repository\org\codehaus\mojo\animal-sniffer-annotations\1.17\animal-sniffer-annotations-1.17.jar;"/>
    <property name="sun.cpu.endian" value="little"/>
    <property name="user.home" value="C:\Users\Dell"/>
    <property name="user.language" value="en"/>
    <property name="java.specification.vendor" value="Oracle Corporation"/>
    <property name="java.version.date" value="2022-10-18"/>
    <property name="java.home" value="C:\Program Files\Java\jdk-19"/>
    <property name="java.security.krb5.conf" value="D:\java\projects\hadoop\hadoop-common-project\hadoop-auth\target/test-classes/krb5.conf"/>
    <property name="file.separator" value="\"/>
    <property name="basedir" value="D:\java\projects\hadoop\hadoop-common-project\hadoop-auth"/>
    <property name="java.vm.compressedOopsMode" value="32-bit"/>
    <property name="line.separator" value="&#10;"/>
    <property name="java.vm.specification.vendor" value="Oracle Corporation"/>
    <property name="java.specification.name" value="Java Platform API Specification"/>
    <property name="surefire.real.class.path" value="C:\Users\Dell\AppData\Local\Temp\surefire12906471470280869015\surefirebooter17155937155351508167.jar"/>
    <property name="hadoop.log.dir" value="D:\java\projects\hadoop\hadoop-common-project\hadoop-auth\target/log"/>
    <property name="user.script" value=""/>
    <property name="sun.management.compiler" value="HotSpot 64-Bit Tiered Compilers"/>
    <property name="java.runtime.version" value="19.0.1+10-21"/>
    <property name="user.name" value="Dell"/>
    <property name="java.net.preferIPv4Stack" value="true"/>
    <property name="stdout.encoding" value="Cp1252"/>
    <property name="path.separator" value=";"/>
    <property name="java.security.egd" value="file:/dev/urandom"/>
    <property name="os.version" value="10.0"/>
    <property name="java.runtime.name" value="Java(TM) SE Runtime Environment"/>
    <property name="file.encoding" value="UTF-8"/>
    <property name="java.vm.name" value="Java HotSpot(TM) 64-Bit Server VM"/>
    <property name="test.build.webapps" value=""/>
    <property name="localRepository" value="C:\Users\Dell\.m2\repository"/>
    <property name="java.vendor.url.bug" value="https://bugreport.java.com/bugreport/"/>
    <property name="java.io.tmpdir" value="C:\Users\Dell\AppData\Local\Temp\"/>
    <property name="require.test.libhadoop" value=""/>
    <property name="java.version" value="19.0.1"/>
    <property name="user.dir" value="D:\java\projects\hadoop\hadoop-common-project\hadoop-auth"/>
    <property name="os.arch" value="amd64"/>
    <property name="java.vm.specification.name" value="Java Virtual Machine Specification"/>
    <property name="test.build.classes" value="D:\java\projects\hadoop\hadoop-common-project\hadoop-auth\target/test-classes"/>
    <property name="sun.os.patch.level" value=""/>
    <property name="native.encoding" value="Cp1252"/>
    <property name="hadoop.tmp.dir" value="D:\java\projects\hadoop\hadoop-common-project\hadoop-auth\target/tmp"/>
    <property name="java.library.path" value="C:\Program Files\Java\jdk-19\bin;C:\WINDOWS\Sun\Java\bin;C:\WINDOWS\system32;C:\WINDOWS;C:\WINDOWS\system32;C:\WINDOWS;C:\WINDOWS\System32\Wbem;C:\Program Files\Git\cmd;D:\gradle-7.6\bin;C:\apache-ant-1.9.16\bin;C:\Program Files\Docker\Docker\resources\bin;C:\Program Files\MySQL\MySQL Server 8.0\bin;C:\Program Files\PuTTY\;C:\Program Files\CMake\bin;C:\Program Files\Microsoft Visual Studio\2022\Community\VC\Tools\MSVC\14.34.31933\bin\Hostx64\x64;C:\Go\bin;C:\Users\Dell\AppData\Local\Microsoft\WindowsApps;C:\Program Files\Java\jdk-19\bin;C:\Program Files (x86)\Windows Kits\10\Windows Performance Toolkit\;C:\Program Files\nodejs\;D:\groovy-4.0.7\bin;D:\mongosh-1.8.0-win32-x64\bin;D:\grails-6.0.0\bin;C:\Program Files\PostgreSQL\14\bin;C:\Users\Dell\AppData\Local\Microsoft\WindowsApps;C:\Users\Dell\AppData\Local\Programs\Microsoft VS Code\bin;C:\apache-maven-3.8.6\bin;C:\Users\Dell\go\bin;C:\Users\Dell\AppData\Roaming\npm;C:\Users\Dell\flutter\bin;C:\Program Files\heroku\bin;D:\java\projects\hadoop\hadoop-common-project\hadoop-auth/../../hadoop-common-project/hadoop-common/target/bin;${isal.lib};."/>
    <property name="java.vm.info" value="mixed mode, sharing"/>
    <property name="stderr.encoding" value="Cp1252"/>
    <property name="java.vendor" value="Oracle Corporation"/>
    <property name="java.vm.version" value="19.0.1+10-21"/>
    <property name="sun.io.unicode.encoding" value="UnicodeLittle"/>
    <property name="java.class.version" value="63.0"/>
  </properties>
  <testcase name="testCustomCookieNameJWT" classname="org.apache.hadoop.security.authentication.server.TestJWTRedirectAuthenticationHandler" time="3.58"/>
  <testcase name="testOrigURLNoQueryString" classname="org.apache.hadoop.security.authentication.server.TestJWTRedirectAuthenticationHandler" time="1.368"/>
  <testcase name="testInvalidAudienceJWT" classname="org.apache.hadoop.security.authentication.server.TestJWTRedirectAuthenticationHandler" time="1.577"/>
  <testcase name="testExpiredJWT" classname="org.apache.hadoop.security.authentication.server.TestJWTRedirectAuthenticationHandler" time="1.204"/>
  <testcase name="testNoProviderURLJWT" classname="org.apache.hadoop.security.authentication.server.TestJWTRedirectAuthenticationHandler" time="1.173"/>
  <testcase name="testNoExpirationJWT" classname="org.apache.hadoop.security.authentication.server.TestJWTRedirectAuthenticationHandler" time="1.214"/>
  <testcase name="testValidJWT" classname="org.apache.hadoop.security.authentication.server.TestJWTRedirectAuthenticationHandler" time="1.342"/>
  <testcase name="testUnableToParseJWT" classname="org.apache.hadoop.security.authentication.server.TestJWTRedirectAuthenticationHandler" time="1.583"/>
  <testcase name="testFailedSignatureValidationJWT" classname="org.apache.hadoop.security.authentication.server.TestJWTRedirectAuthenticationHandler" time="1.519"/>
  <testcase name="testOrigURLWithQueryString" classname="org.apache.hadoop.security.authentication.server.TestJWTRedirectAuthenticationHandler" time="1.212"/>
  <testcase name="testNoPublicKeyJWT" classname="org.apache.hadoop.security.authentication.server.TestJWTRedirectAuthenticationHandler" time="1.37"/>
  <testcase name="testValidAudienceJWT" classname="org.apache.hadoop.security.authentication.server.TestJWTRedirectAuthenticationHandler" time="1.262"/>
</testsuite>